# JRE version: Java(TM) SE Runtime Environment 18.9 (11.0.16+11) (build 11.0.16+11-LTS-199)
# Java VM: Java HotSpot(TM) 64-Bit Server VM 18.9 (11.0.16+11-LTS-199, mixed mode, tiered, compressed oops, g1 gc, windows-amd64)
Heap:
 garbage-first heap   total 120832K, used 39898K [0x000000008a600000, 0x0000000100000000)
  region size 1024K, 30 young (30720K), 3 survivors (3072K)
 Metaspace       used 32019K, capacity 32733K, committed 32896K, reserved 1079296K
  class space    used 3690K, capacity 3961K, committed 3968K, reserved 1048576K
GC Heap History (6 events):
Event: 2.512 GC heap before
{Heap before GC invocations=0 (full 0):
 garbage-first heap   total 120832K, used 23552K [0x000000008a600000, 0x0000000100000000)
  region size 1024K, 24 young (24576K), 0 survivors (0K)
 Metaspace       used 18434K, capacity 18669K, committed 18944K, reserved 1067008K
  class space    used 1902K, capacity 1981K, committed 2048K, reserved 1048576K
}
Event: 2.524 GC heap after
{Heap after GC invocations=1 (full 0):
 garbage-first heap   total 120832K, used 6152K [0x000000008a600000, 0x0000000100000000)
  region size 1024K, 3 young (3072K), 3 survivors (3072K)
 Metaspace       used 18434K, capacity 18669K, committed 18944K, reserved 1067008K
  class space    used 1902K, capacity 1981K, committed 2048K, reserved 1048576K
}
Event: 2.755 GC heap before
{Heap before GC invocations=1 (full 0):
 garbage-first heap   total 120832K, used 14344K [0x000000008a600000, 0x0000000100000000)
  region size 1024K, 12 young (12288K), 3 survivors (3072K)
 Metaspace       used 20790K, capacity 21120K, committed 21248K, reserved 1069056K
  class space    used 2200K, capacity 2290K, committed 2304K, reserved 1048576K
}
Event: 2.762 GC heap after
{Heap after GC invocations=2 (full 0):
 garbage-first heap   total 120832K, used 6870K [0x000000008a600000, 0x0000000100000000)
  region size 1024K, 1 young (1024K), 1 survivors (1024K)
 Metaspace       used 20790K, capacity 21120K, committed 21248K, reserved 1069056K
  class space    used 2200K, capacity 2290K, committed 2304K, reserved 1048576K
}
Event: 3.615 GC heap before
{Heap before GC invocations=3 (full 0):
 garbage-first heap   total 120832K, used 42710K [0x000000008a600000, 0x0000000100000000)
  region size 1024K, 36 young (36864K), 1 survivors (1024K)
 Metaspace       used 27487K, capacity 28136K, committed 28288K, reserved 1075200K
  class space    used 3111K, capacity 3369K, committed 3456K, reserved 1048576K
}
Event: 3.623 GC heap after
{Heap after GC invocations=4 (full 0):
 garbage-first heap   total 120832K, used 9178K [0x000000008a600000, 0x0000000100000000)
  region size 1024K, 3 young (3072K), 3 survivors (3072K)
 Metaspace       used 27487K, capacity 28136K, committed 28288K, reserved 1075200K
  class space    used 3111K, capacity 3369K, committed 3456K, reserved 1048576K
}

