<?xml version="1.0" encoding="UTF-8"?>
<testng-results ignored="0" total="1" passed="1" failed="0" skipped="0">
  <reporter-output>
  </reporter-output>
  <suite started-at="2022-10-06T15:49:15Z" name="Surefire suite" finished-at="2022-10-06T15:49:33Z" duration-ms="18519">
    <groups>
    </groups>
    <test started-at="2022-10-06T15:49:15Z" name="Surefire test" finished-at="2022-10-06T15:49:33Z" duration-ms="18519">
      <class name="Param.Test_Ankita.SubscriptionTest">
        <test-method is-config="true" signature="setUp()[pri:0, instance:Param.Test_Ankita.SubscriptionTest@4ec4f3a0]" started-at="2022-10-06T15:49:15Z" name="setUp" finished-at="2022-10-06T15:49:33Z" duration-ms="17910" status="PASS">
          <reporter-output>
          </reporter-output>
        </test-method> <!-- setUp -->
        <test-method signature="verifyPageTitleTest()[pri:2, instance:Param.Test_Ankita.SubscriptionTest@4ec4f3a0]" started-at="2022-10-06T15:49:33Z" name="verifyPageTitleTest" finished-at="2022-10-06T15:49:33Z" duration-ms="78" status="PASS">
          <reporter-output>
          </reporter-output>
        </test-method> <!-- verifyPageTitleTest -->
        <test-method is-config="true" signature="tearDown()[pri:0, instance:Param.Test_Ankita.SubscriptionTest@4ec4f3a0]" started-at="2022-10-06T15:49:33Z" name="tearDown" finished-at="2022-10-06T15:49:33Z" duration-ms="506" status="PASS">
          <reporter-output>
          </reporter-output>
        </test-method> <!-- tearDown -->
      </class> <!-- Param.Test_Ankita.SubscriptionTest -->
    </test> <!-- Surefire test -->
  </suite> <!-- Surefire suite -->
</testng-results>
