<?xml version="1.0" encoding="UTF-8"?>
<testng-results ignored="0" total="3" passed="2" failed="1" skipped="0">
  <reporter-output>
  </reporter-output>
  <suite started-at="2022-10-06T23:18:17Z" name="Default suite" finished-at="2022-10-06T23:26:24Z" duration-ms="486395">
    <groups>
    </groups>
    <test started-at="2022-10-06T23:18:17Z" name="Default test" finished-at="2022-10-06T23:26:24Z" duration-ms="486395">
      <class name="Param.Test_Ankita.SubscriptionTest">
        <test-method is-config="true" signature="initialSetUp()[pri:0, instance:Param.Test_Ankita.SubscriptionTest@3148f668]" started-at="2022-10-06T23:18:17Z" name="initialSetUp" finished-at="2022-10-06T23:18:17Z" duration-ms="18" status="PASS">
          <reporter-output>
          </reporter-output>
        </test-method> <!-- initialSetUp -->
        <test-method is-config="true" signature="setUp()[pri:0, instance:Param.Test_Ankita.SubscriptionTest@3148f668]" started-at="2022-10-06T23:18:17Z" name="setUp" finished-at="2022-10-06T23:18:21Z" duration-ms="3393" status="PASS">
          <reporter-output>
          </reporter-output>
        </test-method> <!-- setUp -->
        <test-method signature="verifyCurrencyTest()[pri:0, instance:Param.Test_Ankita.SubscriptionTest@3148f668]" started-at="2022-10-06T23:18:21Z" name="verifyCurrencyTest" finished-at="2022-10-06T23:23:07Z" duration-ms="285972" status="FAIL">
          <exception class="java.lang.AssertionError">
            <message>
              <![CDATA[The following asserts failed:
Currency not present for Chad,
Currency not present for Palestine,
Currency not present for Djibouti,
Currency not present for Lebanon,
Currency not present for Morocco,
Currency not present for Algeria,
Currency not present for Yemen]]>
            </message>
            <full-stacktrace>
              <![CDATA[java.lang.AssertionError: The following asserts failed:
Currency not present for Chad,
Currency not present for Palestine,
Currency not present for Djibouti,
Currency not present for Lebanon,
Currency not present for Morocco,
Currency not present for Algeria,
Currency not present for Yemen
at org.testng.asserts.SoftAssert.assertAll(SoftAssert.java:43)
at Param.Test_Ankita.SubscriptionTest.verifyCurrencyTest(SubscriptionTest.java:101)
at java.base/jdk.internal.reflect.NativeMethodAccessorImpl.invoke0(Native Method)
at java.base/jdk.internal.reflect.NativeMethodAccessorImpl.invoke(NativeMethodAccessorImpl.java:62)
at java.base/jdk.internal.reflect.DelegatingMethodAccessorImpl.invoke(DelegatingMethodAccessorImpl.java:43)
at java.base/java.lang.reflect.Method.invoke(Method.java:566)
at org.testng.internal.MethodInvocationHelper.invokeMethod(MethodInvocationHelper.java:124)
at org.testng.internal.Invoker.invokeMethod(Invoker.java:583)
at org.testng.internal.Invoker.invokeTestMethod(Invoker.java:719)
at org.testng.internal.Invoker.invokeTestMethods(Invoker.java:989)
at org.testng.internal.TestMethodWorker.invokeTestMethods(TestMethodWorker.java:125)
at org.testng.internal.TestMethodWorker.run(TestMethodWorker.java:109)
at org.testng.TestRunner.privateRun(TestRunner.java:648)
at org.testng.TestRunner.run(TestRunner.java:505)
at org.testng.SuiteRunner.runTest(SuiteRunner.java:455)
at org.testng.SuiteRunner.runSequentially(SuiteRunner.java:450)
at org.testng.SuiteRunner.privateRun(SuiteRunner.java:415)
at org.testng.SuiteRunner.run(SuiteRunner.java:364)
at org.testng.SuiteRunnerWorker.runSuite(SuiteRunnerWorker.java:52)
at org.testng.SuiteRunnerWorker.run(SuiteRunnerWorker.java:84)
at org.testng.TestNG.runSuitesSequentially(TestNG.java:1208)
at org.testng.TestNG.runSuitesLocally(TestNG.java:1137)
at org.testng.TestNG.runSuites(TestNG.java:1049)
at org.testng.TestNG.run(TestNG.java:1017)
at org.testng.remote.AbstractRemoteTestNG.run(AbstractRemoteTestNG.java:115)
at org.testng.remote.RemoteTestNG.initAndRun(RemoteTestNG.java:251)
at org.testng.remote.RemoteTestNG.main(RemoteTestNG.java:77)
]]>
            </full-stacktrace>
          </exception> <!-- java.lang.AssertionError -->
          <reporter-output>
          </reporter-output>
        </test-method> <!-- verifyCurrencyTest -->
        <test-method is-config="true" signature="setUp()[pri:0, instance:Param.Test_Ankita.SubscriptionTest@3148f668]" started-at="2022-10-06T23:23:07Z" name="setUp" finished-at="2022-10-06T23:23:08Z" duration-ms="1357" status="PASS">
          <reporter-output>
          </reporter-output>
        </test-method> <!-- setUp -->
        <test-method is-config="true" signature="tearDown()[pri:0, instance:Param.Test_Ankita.SubscriptionTest@3148f668]" started-at="2022-10-06T23:23:07Z" name="tearDown" finished-at="2022-10-06T23:23:07Z" duration-ms="0" status="PASS">
          <reporter-output>
          </reporter-output>
        </test-method> <!-- tearDown -->
        <test-method signature="verifyPackageTypeTest()[pri:0, instance:Param.Test_Ankita.SubscriptionTest@3148f668]" started-at="2022-10-06T23:23:08Z" name="verifyPackageTypeTest" finished-at="2022-10-06T23:24:30Z" duration-ms="82127" status="PASS">
          <reporter-output>
          </reporter-output>
        </test-method> <!-- verifyPackageTypeTest -->
        <test-method is-config="true" signature="tearDown()[pri:0, instance:Param.Test_Ankita.SubscriptionTest@3148f668]" started-at="2022-10-06T23:24:30Z" name="tearDown" finished-at="2022-10-06T23:24:30Z" duration-ms="1" status="PASS">
          <reporter-output>
          </reporter-output>
        </test-method> <!-- tearDown -->
        <test-method is-config="true" signature="setUp()[pri:0, instance:Param.Test_Ankita.SubscriptionTest@3148f668]" started-at="2022-10-06T23:24:30Z" name="setUp" finished-at="2022-10-06T23:24:32Z" duration-ms="1290" status="PASS">
          <reporter-output>
          </reporter-output>
        </test-method> <!-- setUp -->
        <test-method signature="verifyPriceTest()[pri:0, instance:Param.Test_Ankita.SubscriptionTest@3148f668]" started-at="2022-10-06T23:24:32Z" name="verifyPriceTest" finished-at="2022-10-06T23:26:24Z" duration-ms="112177" status="PASS">
          <reporter-output>
          </reporter-output>
        </test-method> <!-- verifyPriceTest -->
        <test-method is-config="true" signature="tearDown()[pri:0, instance:Param.Test_Ankita.SubscriptionTest@3148f668]" started-at="2022-10-06T23:26:24Z" name="tearDown" finished-at="2022-10-06T23:26:24Z" duration-ms="0" status="PASS">
          <reporter-output>
          </reporter-output>
        </test-method> <!-- tearDown -->
      </class> <!-- Param.Test_Ankita.SubscriptionTest -->
    </test> <!-- Default test -->
  </suite> <!-- Default suite -->
</testng-results>
